0 info it worked if it ends with ok
1 verbose cli [ '/usr/bin/nodejs', '/usr/bin/npm', 'run', 'start:backend' ]
2 info using npm@3.6.0
3 info using node@v5.7.0
4 verbose run-script [ 'prestart:backend', 'start:backend', 'poststart:backend' ]
5 info lifecycle bohepro@1.0.0~prestart:backend: bohepro@1.0.0
6 silly lifecycle bohepro@1.0.0~prestart:backend: no script for prestart:backend, continuing
7 info lifecycle bohepro@1.0.0~start:backend: bohepro@1.0.0
8 verbose lifecycle bohepro@1.0.0~start:backend: unsafe-perm in lifecycle true
9 verbose lifecycle bohepro@1.0.0~start:backend: PATH: /usr/lib/node_modules/npm/bin/node-gyp-bin:/home/vagrant/Code/bohepro/node_modules/.bin:/home/vagrant/.composer/vendor/bin:/usr/local/sbin:/usr/local/bin:/usr/sbin:/usr/bin:/sbin:/bin:/usr/games:/usr/local/games
10 verbose lifecycle bohepro@1.0.0~start:backend: CWD: /home/vagrant/Code/bohepro
11 silly lifecycle bohepro@1.0.0~start:backend: Args: [ '-c',
11 silly lifecycle   'export NODE_ENV=production; node ./build_backend/server.js' ]
12 silly lifecycle bohepro@1.0.0~start:backend: Returned: code: 1  signal: null
13 info lifecycle bohepro@1.0.0~start:backend: Failed to exec start:backend script
14 verbose stack Error: bohepro@1.0.0 start:backend: `export NODE_ENV=production; node ./build_backend/server.js`
14 verbose stack Exit status 1
14 verbose stack     at EventEmitter.<anonymous> (/usr/lib/node_modules/npm/lib/utils/lifecycle.js:232:16)
14 verbose stack     at emitTwo (events.js:100:13)
14 verbose stack     at EventEmitter.emit (events.js:185:7)
14 verbose stack     at ChildProcess.<anonymous> (/usr/lib/node_modules/npm/lib/utils/spawn.js:24:14)
14 verbose stack     at emitTwo (events.js:100:13)
14 verbose stack     at ChildProcess.emit (events.js:185:7)
14 verbose stack     at maybeClose (internal/child_process.js:827:16)
14 verbose stack     at Process.ChildProcess._handle.onexit (internal/child_process.js:211:5)
15 verbose pkgid bohepro@1.0.0
16 verbose cwd /home/vagrant/Code/bohepro/backend
17 error Linux 3.19.0-25-generic
18 error argv "/usr/bin/nodejs" "/usr/bin/npm" "run" "start:backend"
19 error node v5.7.0
20 error npm  v3.6.0
21 error code ELIFECYCLE
22 error bohepro@1.0.0 start:backend: `export NODE_ENV=production; node ./build_backend/server.js`
22 error Exit status 1
23 error Failed at the bohepro@1.0.0 start:backend script 'export NODE_ENV=production; node ./build_backend/server.js'.
23 error Make sure you have the latest version of node.js and npm installed.
23 error If you do, this is most likely a problem with the bohepro package,
23 error not with npm itself.
23 error Tell the author that this fails on your system:
23 error     export NODE_ENV=production; node ./build_backend/server.js
23 error You can get information on how to open an issue for this project with:
23 error     npm bugs bohepro
23 error Or if that isn't available, you can get their info via:
23 error     npm owner ls bohepro
23 error There is likely additional logging output above.
24 verbose exit [ 1, true ]
